<?xml version="1.0" encoding="UTF-8"?>
<!-- Generated by org.testng.reporters.JUnitXMLReporter -->
<testsuite ignored="0" hostname="Laptop" failures="0" tests="5" name="Test" time="44.826" errors="0" timestamp="2025-03-20T00:34:47 IST">
  <testcase classname="testCases.TC003_LoginDDT" name="verifyLoginDDT" time="1.786"/>
  <testcase classname="testCases.TC003_LoginDDT" name="verifyLoginDDT" time="11.056"/>
  <testcase classname="testCases.TC003_LoginDDT" name="verifyLoginDDT" time="10.702"/>
  <testcase classname="testCases.TC003_LoginDDT" name="verifyLoginDDT" time="10.65"/>
  <testcase classname="testCases.TC003_LoginDDT" name="verifyLoginDDT" time="1.771"/>
</testsuite> <!-- Test -->
