<?xml version="1.0" encoding="UTF-8"?>
<!-- Generated by org.testng.reporters.JUnitXMLReporter -->
<testsuite ignored="1" hostname="Laptop" failures="0" tests="2" name="Test" time="12.92" errors="0" timestamp="2025-03-21T01:16:52 IST">
  <testcase classname="testCases.TC001_AccountRegistrationTest" name="verify_account_registration" time="3.345"/>
  <testcase classname="testCases.TC002_LoginTest" name="verifyLogin" time="2.112"/>
  <testcase classname="testCases.TC003_LoginDDT" name="verifyLoginDDT" time="0.0">
    <ignored/>
  </testcase> <!-- verifyLoginDDT -->
</testsuite> <!-- Test -->
